  main.cpp
C:\Users\TENK\Desktop\Snake\main.cpp(70,43): warning C4244: 'argument': conversion from 'int' to 'float', possible loss of data
C:\Users\TENK\Desktop\Snake\main.cpp(73,124): warning C4244: 'argument': conversion from 'int' to 'float', possible loss of data
C:\Users\TENK\Desktop\Snake\main.cpp(73,43): warning C4244: 'argument': conversion from 'int' to 'float', possible loss of data
C:\Users\TENK\Desktop\Snake\main.cpp(76,46): warning C4244: 'argument': conversion from 'int' to 'float', possible loss of data
C:\Users\TENK\Desktop\Snake\main.cpp(82,34): warning C4244: 'argument': conversion from 'int' to 'float', possible loss of data
C:\Users\TENK\Desktop\Snake\main.cpp(85,31): warning C4244: 'argument': conversion from 'int' to 'float', possible loss of data
C:\Users\TENK\Desktop\Snake\main.cpp(95,121): warning C4244: 'argument': conversion from 'int' to 'float', possible loss of data
C:\Users\TENK\Desktop\Snake\main.cpp(95,50): warning C4244: 'argument': conversion from 'int' to 'float', possible loss of data
C:\Users\TENK\Desktop\Snake\main.cpp(99,121): warning C4244: 'argument': conversion from 'int' to 'float', possible loss of data
C:\Users\TENK\Desktop\Snake\main.cpp(99,50): warning C4244: 'argument': conversion from 'int' to 'float', possible loss of data
C:\Users\TENK\Desktop\Snake\main.cpp(267,106): warning C4244: 'argument': conversion from 'int' to 'float', possible loss of data
C:\Users\TENK\Desktop\Snake\main.cpp(269,15): warning C4244: 'argument': conversion from 'time_t' to 'unsigned int', possible loss of data
  Generating code
C:\Users\TENK\Desktop\Snake\main.cpp(252): warning C4715: 'moveSnake': not all control paths return a value
  3 of 153 functions ( 2.0%) were compiled, the rest were copied from previous compilation.
    0 functions were new in current compilation
    1 functions had inline decision re-evaluated but remain unchanged
  Finished generating code
  Project1.vcxproj -> C:\Users\TENK\Desktop\Snake\Release\Snake.exe
